<?xml version="1.0" encoding="UTF-8"?>
<testng-results ignored="0" total="20" passed="20" failed="0" skipped="0">
  <reporter-output>
  </reporter-output>
  <suite started-at="2023-02-01T19:28:12 ART" name="book-flight-module" finished-at="2023-02-01T19:29:23 ART" duration-ms="70244">
    <groups>
    </groups>
    <test started-at="2023-02-01T19:28:12 ART" name="book-flight-1" finished-at="2023-02-01T19:28:32 ART" duration-ms="19047">
      <class name="com.newtours.tests.BookFlightTest">
        <test-method is-config="true" signature="stupDriver(org.testng.ITestContext)[pri:0, instance:com.newtours.tests.BookFlightTest@d706f19]" started-at="2023-02-01T19:28:12 ART" name="stupDriver" finished-at="2023-02-01T19:28:20 ART" duration-ms="7960" status="PASS">
          <params>
            <param index="0">
              <value>
                <![CDATA[org.testng.TestRunner@1d9b7cce]]>
              </value>
            </param>
          </params>
          <reporter-output>
          </reporter-output>
        </test-method> <!-- stupDriver -->
        <test-method is-config="true" signature="stupParameters(java.lang.String,java.lang.String)[pri:0, instance:com.newtours.tests.BookFlightTest@d706f19]" started-at="2023-02-01T19:28:20 ART" name="stupParameters" finished-at="2023-02-01T19:28:20 ART" depends-on-methods="tests.BaseTest.stupDriver" duration-ms="6" status="PASS">
          <params>
            <param index="0">
              <value>
                <![CDATA[1]]>
              </value>
            </param>
            <param index="1">
              <value>
                <![CDATA[$584 USD]]>
              </value>
            </param>
          </params>
          <reporter-output>
          </reporter-output>
        </test-method> <!-- stupParameters -->
        <test-method signature="registrationPage()[pri:0, instance:com.newtours.tests.BookFlightTest@d706f19]" started-at="2023-02-01T19:28:20 ART" name="registrationPage" finished-at="2023-02-01T19:28:27 ART" duration-ms="6604" status="PASS">
          <reporter-output>
          </reporter-output>
        </test-method> <!-- registrationPage -->
        <test-method signature="registrationConfirmationPage()[pri:0, instance:com.newtours.tests.BookFlightTest@d706f19]" started-at="2023-02-01T19:28:27 ART" name="registrationConfirmationPage" finished-at="2023-02-01T19:28:27 ART" depends-on-methods="com.newtours.tests.BookFlightTest.registrationPage" duration-ms="226" status="PASS">
          <reporter-output>
          </reporter-output>
        </test-method> <!-- registrationConfirmationPage -->
        <test-method signature="flightDetailsPage()[pri:0, instance:com.newtours.tests.BookFlightTest@d706f19]" started-at="2023-02-01T19:28:27 ART" name="flightDetailsPage" finished-at="2023-02-01T19:28:29 ART" depends-on-methods="com.newtours.tests.BookFlightTest.registrationConfirmationPage" duration-ms="1884" status="PASS">
          <reporter-output>
          </reporter-output>
        </test-method> <!-- flightDetailsPage -->
        <test-method signature="findFlightPage()[pri:0, instance:com.newtours.tests.BookFlightTest@d706f19]" started-at="2023-02-01T19:28:29 ART" name="findFlightPage" finished-at="2023-02-01T19:28:30 ART" depends-on-methods="com.newtours.tests.BookFlightTest.flightDetailsPage" duration-ms="850" status="PASS">
          <reporter-output>
          </reporter-output>
        </test-method> <!-- findFlightPage -->
        <test-method signature="flightConfirmationPage()[pri:0, instance:com.newtours.tests.BookFlightTest@d706f19]" started-at="2023-02-01T19:28:30 ART" name="flightConfirmationPage" finished-at="2023-02-01T19:28:31 ART" depends-on-methods="com.newtours.tests.BookFlightTest.findFlightPage" duration-ms="590" status="PASS">
          <reporter-output>
          </reporter-output>
        </test-method> <!-- flightConfirmationPage -->
        <test-method is-config="true" signature="quitBrowser()[pri:0, instance:com.newtours.tests.BookFlightTest@d706f19]" started-at="2023-02-01T19:28:31 ART" name="quitBrowser" finished-at="2023-02-01T19:28:32 ART" duration-ms="834" status="PASS">
          <reporter-output>
          </reporter-output>
        </test-method> <!-- quitBrowser -->
      </class> <!-- com.newtours.tests.BookFlightTest -->
    </test> <!-- book-flight-1 -->
    <test started-at="2023-02-01T19:28:12 ART" name="book-flight-3" finished-at="2023-02-01T19:28:50 ART" duration-ms="37327">
      <class name="com.newtours.tests.BookFlightTest">
        <test-method is-config="true" signature="stupDriver(org.testng.ITestContext)[pri:0, instance:com.newtours.tests.BookFlightTest@6e0dec4a]" started-at="2023-02-01T19:28:12 ART" name="stupDriver" finished-at="2023-02-01T19:28:35 ART" duration-ms="22813" status="PASS">
          <params>
            <param index="0">
              <value>
                <![CDATA[org.testng.TestRunner@42e99e4a]]>
              </value>
            </param>
          </params>
          <reporter-output>
          </reporter-output>
        </test-method> <!-- stupDriver -->
        <test-method is-config="true" signature="stupParameters(java.lang.String,java.lang.String)[pri:0, instance:com.newtours.tests.BookFlightTest@6e0dec4a]" started-at="2023-02-01T19:28:35 ART" name="stupParameters" finished-at="2023-02-01T19:28:35 ART" depends-on-methods="tests.BaseTest.stupDriver" duration-ms="0" status="PASS">
          <params>
            <param index="0">
              <value>
                <![CDATA[3]]>
              </value>
            </param>
            <param index="1">
              <value>
                <![CDATA[$1753 USD]]>
              </value>
            </param>
          </params>
          <reporter-output>
          </reporter-output>
        </test-method> <!-- stupParameters -->
        <test-method signature="registrationPage()[pri:0, instance:com.newtours.tests.BookFlightTest@6e0dec4a]" started-at="2023-02-01T19:28:35 ART" name="registrationPage" finished-at="2023-02-01T19:28:45 ART" duration-ms="9393" status="PASS">
          <reporter-output>
          </reporter-output>
        </test-method> <!-- registrationPage -->
        <test-method signature="registrationConfirmationPage()[pri:0, instance:com.newtours.tests.BookFlightTest@6e0dec4a]" started-at="2023-02-01T19:28:45 ART" name="registrationConfirmationPage" finished-at="2023-02-01T19:28:45 ART" depends-on-methods="com.newtours.tests.BookFlightTest.registrationPage" duration-ms="204" status="PASS">
          <reporter-output>
          </reporter-output>
        </test-method> <!-- registrationConfirmationPage -->
        <test-method signature="flightDetailsPage()[pri:0, instance:com.newtours.tests.BookFlightTest@6e0dec4a]" started-at="2023-02-01T19:28:45 ART" name="flightDetailsPage" finished-at="2023-02-01T19:28:47 ART" depends-on-methods="com.newtours.tests.BookFlightTest.registrationConfirmationPage" duration-ms="2080" status="PASS">
          <reporter-output>
          </reporter-output>
        </test-method> <!-- flightDetailsPage -->
        <test-method signature="findFlightPage()[pri:0, instance:com.newtours.tests.BookFlightTest@6e0dec4a]" started-at="2023-02-01T19:28:47 ART" name="findFlightPage" finished-at="2023-02-01T19:28:48 ART" depends-on-methods="com.newtours.tests.BookFlightTest.flightDetailsPage" duration-ms="1164" status="PASS">
          <reporter-output>
          </reporter-output>
        </test-method> <!-- findFlightPage -->
        <test-method signature="flightConfirmationPage()[pri:0, instance:com.newtours.tests.BookFlightTest@6e0dec4a]" started-at="2023-02-01T19:28:48 ART" name="flightConfirmationPage" finished-at="2023-02-01T19:28:49 ART" depends-on-methods="com.newtours.tests.BookFlightTest.findFlightPage" duration-ms="477" status="PASS">
          <reporter-output>
          </reporter-output>
        </test-method> <!-- flightConfirmationPage -->
        <test-method is-config="true" signature="quitBrowser()[pri:0, instance:com.newtours.tests.BookFlightTest@6e0dec4a]" started-at="2023-02-01T19:28:49 ART" name="quitBrowser" finished-at="2023-02-01T19:28:50 ART" duration-ms="1175" status="PASS">
          <reporter-output>
          </reporter-output>
        </test-method> <!-- quitBrowser -->
      </class> <!-- com.newtours.tests.BookFlightTest -->
    </test> <!-- book-flight-3 -->
    <test started-at="2023-02-01T19:28:12 ART" name="book-flight-2" finished-at="2023-02-01T19:29:05 ART" duration-ms="52578">
      <class name="com.newtours.tests.BookFlightTest">
        <test-method is-config="true" signature="stupDriver(org.testng.ITestContext)[pri:0, instance:com.newtours.tests.BookFlightTest@1f0f1111]" started-at="2023-02-01T19:28:12 ART" name="stupDriver" finished-at="2023-02-01T19:28:55 ART" duration-ms="42272" status="PASS">
          <params>
            <param index="0">
              <value>
                <![CDATA[org.testng.TestRunner@4d9e68d0]]>
              </value>
            </param>
          </params>
          <reporter-output>
          </reporter-output>
        </test-method> <!-- stupDriver -->
        <test-method is-config="true" signature="stupParameters(java.lang.String,java.lang.String)[pri:0, instance:com.newtours.tests.BookFlightTest@1f0f1111]" started-at="2023-02-01T19:28:55 ART" name="stupParameters" finished-at="2023-02-01T19:28:55 ART" depends-on-methods="tests.BaseTest.stupDriver" duration-ms="0" status="PASS">
          <params>
            <param index="0">
              <value>
                <![CDATA[2]]>
              </value>
            </param>
            <param index="1">
              <value>
                <![CDATA[$1169 USD]]>
              </value>
            </param>
          </params>
          <reporter-output>
          </reporter-output>
        </test-method> <!-- stupParameters -->
        <test-method signature="registrationPage()[pri:0, instance:com.newtours.tests.BookFlightTest@1f0f1111]" started-at="2023-02-01T19:28:55 ART" name="registrationPage" finished-at="2023-02-01T19:29:01 ART" duration-ms="6023" status="PASS">
          <reporter-output>
          </reporter-output>
        </test-method> <!-- registrationPage -->
        <test-method signature="registrationConfirmationPage()[pri:0, instance:com.newtours.tests.BookFlightTest@1f0f1111]" started-at="2023-02-01T19:29:01 ART" name="registrationConfirmationPage" finished-at="2023-02-01T19:29:01 ART" depends-on-methods="com.newtours.tests.BookFlightTest.registrationPage" duration-ms="200" status="PASS">
          <reporter-output>
          </reporter-output>
        </test-method> <!-- registrationConfirmationPage -->
        <test-method signature="flightDetailsPage()[pri:0, instance:com.newtours.tests.BookFlightTest@1f0f1111]" started-at="2023-02-01T19:29:01 ART" name="flightDetailsPage" finished-at="2023-02-01T19:29:03 ART" depends-on-methods="com.newtours.tests.BookFlightTest.registrationConfirmationPage" duration-ms="2021" status="PASS">
          <reporter-output>
          </reporter-output>
        </test-method> <!-- flightDetailsPage -->
        <test-method signature="findFlightPage()[pri:0, instance:com.newtours.tests.BookFlightTest@1f0f1111]" started-at="2023-02-01T19:29:03 ART" name="findFlightPage" finished-at="2023-02-01T19:29:04 ART" depends-on-methods="com.newtours.tests.BookFlightTest.flightDetailsPage" duration-ms="771" status="PASS">
          <reporter-output>
          </reporter-output>
        </test-method> <!-- findFlightPage -->
        <test-method signature="flightConfirmationPage()[pri:0, instance:com.newtours.tests.BookFlightTest@1f0f1111]" started-at="2023-02-01T19:29:04 ART" name="flightConfirmationPage" finished-at="2023-02-01T19:29:04 ART" depends-on-methods="com.newtours.tests.BookFlightTest.findFlightPage" duration-ms="503" status="PASS">
          <reporter-output>
          </reporter-output>
        </test-method> <!-- flightConfirmationPage -->
        <test-method is-config="true" signature="quitBrowser()[pri:0, instance:com.newtours.tests.BookFlightTest@1f0f1111]" started-at="2023-02-01T19:29:04 ART" name="quitBrowser" finished-at="2023-02-01T19:29:05 ART" duration-ms="766" status="PASS">
          <reporter-output>
          </reporter-output>
        </test-method> <!-- quitBrowser -->
      </class> <!-- com.newtours.tests.BookFlightTest -->
    </test> <!-- book-flight-2 -->
    <test started-at="2023-02-01T19:28:12 ART" name="book-flight-4" finished-at="2023-02-01T19:29:23 ART" duration-ms="70241">
      <class name="com.newtours.tests.BookFlightTest">
        <test-method is-config="true" signature="stupDriver(org.testng.ITestContext)[pri:0, instance:com.newtours.tests.BookFlightTest@1f3f4916]" started-at="2023-02-01T19:28:12 ART" name="stupDriver" finished-at="2023-02-01T19:29:12 ART" duration-ms="59123" status="PASS">
          <params>
            <param index="0">
              <value>
                <![CDATA[org.testng.TestRunner@14dd9eb7]]>
              </value>
            </param>
          </params>
          <reporter-output>
          </reporter-output>
        </test-method> <!-- stupDriver -->
        <test-method is-config="true" signature="stupParameters(java.lang.String,java.lang.String)[pri:0, instance:com.newtours.tests.BookFlightTest@1f3f4916]" started-at="2023-02-01T19:29:12 ART" name="stupParameters" finished-at="2023-02-01T19:29:12 ART" depends-on-methods="tests.BaseTest.stupDriver" duration-ms="1" status="PASS">
          <params>
            <param index="0">
              <value>
                <![CDATA[4]]>
              </value>
            </param>
            <param index="1">
              <value>
                <![CDATA[$2338 USD]]>
              </value>
            </param>
          </params>
          <reporter-output>
          </reporter-output>
        </test-method> <!-- stupParameters -->
        <test-method signature="registrationPage()[pri:0, instance:com.newtours.tests.BookFlightTest@1f3f4916]" started-at="2023-02-01T19:29:12 ART" name="registrationPage" finished-at="2023-02-01T19:29:18 ART" duration-ms="6848" status="PASS">
          <reporter-output>
          </reporter-output>
        </test-method> <!-- registrationPage -->
        <test-method signature="registrationConfirmationPage()[pri:0, instance:com.newtours.tests.BookFlightTest@1f3f4916]" started-at="2023-02-01T19:29:18 ART" name="registrationConfirmationPage" finished-at="2023-02-01T19:29:19 ART" depends-on-methods="com.newtours.tests.BookFlightTest.registrationPage" duration-ms="284" status="PASS">
          <reporter-output>
          </reporter-output>
        </test-method> <!-- registrationConfirmationPage -->
        <test-method signature="flightDetailsPage()[pri:0, instance:com.newtours.tests.BookFlightTest@1f3f4916]" started-at="2023-02-01T19:29:19 ART" name="flightDetailsPage" finished-at="2023-02-01T19:29:21 ART" depends-on-methods="com.newtours.tests.BookFlightTest.registrationConfirmationPage" duration-ms="2009" status="PASS">
          <reporter-output>
          </reporter-output>
        </test-method> <!-- flightDetailsPage -->
        <test-method signature="findFlightPage()[pri:0, instance:com.newtours.tests.BookFlightTest@1f3f4916]" started-at="2023-02-01T19:29:21 ART" name="findFlightPage" finished-at="2023-02-01T19:29:21 ART" depends-on-methods="com.newtours.tests.BookFlightTest.flightDetailsPage" duration-ms="725" status="PASS">
          <reporter-output>
          </reporter-output>
        </test-method> <!-- findFlightPage -->
        <test-method signature="flightConfirmationPage()[pri:0, instance:com.newtours.tests.BookFlightTest@1f3f4916]" started-at="2023-02-01T19:29:21 ART" name="flightConfirmationPage" finished-at="2023-02-01T19:29:22 ART" depends-on-methods="com.newtours.tests.BookFlightTest.findFlightPage" duration-ms="453" status="PASS">
          <reporter-output>
          </reporter-output>
        </test-method> <!-- flightConfirmationPage -->
        <test-method is-config="true" signature="quitBrowser()[pri:0, instance:com.newtours.tests.BookFlightTest@1f3f4916]" started-at="2023-02-01T19:29:22 ART" name="quitBrowser" finished-at="2023-02-01T19:29:23 ART" duration-ms="781" status="PASS">
          <reporter-output>
          </reporter-output>
        </test-method> <!-- quitBrowser -->
      </class> <!-- com.newtours.tests.BookFlightTest -->
    </test> <!-- book-flight-4 -->
  </suite> <!-- book-flight-module -->
</testng-results>
