<?xml version="1.0" encoding="UTF-8"?>
<!-- Generated by org.testng.reporters.JUnitXMLReporter -->
<testsuite ignored="0" hostname="LAPTOP-UUV5KHBQ" failures="0" tests="5" name="book-flight-4" time="70.241" errors="0" timestamp="2023-02-01T19:29:23 ART">
  <testcase classname="com.newtours.tests.BookFlightTest" name="registrationPage" time="6.848"/>
  <testcase classname="com.newtours.tests.BookFlightTest" name="registrationConfirmationPage" time="0.284"/>
  <testcase classname="com.newtours.tests.BookFlightTest" name="flightDetailsPage" time="2.009"/>
  <testcase classname="com.newtours.tests.BookFlightTest" name="findFlightPage" time="0.725"/>
  <testcase classname="com.newtours.tests.BookFlightTest" name="flightConfirmationPage" time="0.453"/>
</testsuite> <!-- book-flight-4 -->
