<?xml version="1.0" encoding="UTF-8"?>
<!-- Generated by org.testng.reporters.JUnitXMLReporter -->
<testsuite ignored="0" hostname="LAPTOP-UUV5KHBQ" failures="0" tests="5" name="book-flight-2" time="52.578" errors="0" timestamp="2023-02-01T19:29:05 ART">
  <testcase classname="com.newtours.tests.BookFlightTest" name="registrationPage" time="6.023"/>
  <testcase classname="com.newtours.tests.BookFlightTest" name="registrationConfirmationPage" time="0.2"/>
  <testcase classname="com.newtours.tests.BookFlightTest" name="flightDetailsPage" time="2.021"/>
  <testcase classname="com.newtours.tests.BookFlightTest" name="findFlightPage" time="0.771"/>
  <testcase classname="com.newtours.tests.BookFlightTest" name="flightConfirmationPage" time="0.503"/>
</testsuite> <!-- book-flight-2 -->
