<?xml version="1.0" encoding="UTF-8"?>
<!-- Generated by org.testng.reporters.JUnitXMLReporter -->
<testsuite ignored="0" hostname="LAPTOP-UUV5KHBQ" failures="0" tests="5" name="book-flight-4" time="86.97" errors="0" timestamp="2023-02-01T18:52:24 ART">
  <testcase classname="com.newtours.tests.BookFlightTest" name="registrationPage" time="55.712"/>
  <testcase classname="com.newtours.tests.BookFlightTest" name="registrationConfirmationPage" time="0.638"/>
  <testcase classname="com.newtours.tests.BookFlightTest" name="flightDetailsPage" time="8.497"/>
  <testcase classname="com.newtours.tests.BookFlightTest" name="findFlightPage" time="4.424"/>
  <testcase classname="com.newtours.tests.BookFlightTest" name="flightConfirmationPage" time="1.949"/>
</testsuite> <!-- book-flight-4 -->
